<?xml version="1.0" encoding="UTF-8"?>
<!-- Generated by org.testng.reporters.JUnitReportReporter -->
<testsuite skipped="0" hostname="DESKTOP-VTBT3RG" name="TestNgBasics.TextNGfirstclass" tests="3" failures="0" timestamp="2022-12-31T09:43:23 IST" time="0.006" errors="0">
  <testcase name="Testcase2" time="0.005" classname="TestNgBasics.TextNGfirstclass"/>
  <system-out/>
  <testcase name="Testcase1" time="0.000" classname="TestNgBasics.TextNGfirstclass"/>
  <system-out/>
  <testcase name="Testcase5" time="0.001" classname="TestNgBasics.TextNGfirstclass"/>
  <system-out/>
</testsuite> <!-- TestNgBasics.TextNGfirstclass -->
