<?xml version="1.0" encoding="UTF-8"?>
<!-- Generated by org.testng.reporters.JUnitReportReporter -->
<testsuite skipped="0" hostname="DESKTOP-VTBT3RG" name="Testcase.Facebooklogin" tests="4" failures="0" timestamp="2023-01-08T09:03:34 IST" time="27.122" errors="0">
  <testcase name="LoginandLogout" time="7.470" classname="Testcase.Facebooklogin"/>
  <system-out/>
  <testcase name="LoginandLogout" time="8.064" classname="Testcase.Facebooklogin"/>
  <system-out/>
  <testcase name="LoginandLogout" time="7.651" classname="Testcase.Facebooklogin"/>
  <system-out/>
  <testcase name="Invalidlogin" time="3.937" classname="Testcase.Facebooklogin"/>
  <system-out/>
</testsuite> <!-- Testcase.Facebooklogin -->
